<?xml version="1.0" encoding="UTF-8" ?>
<testsuite failures="0" time="0.337" errors="0" skipped="0" tests="4" name="com.jesper.music.MusicServiceTest">
  <properties>
[...]
</properties>
  <testcase time="0.252" classname="com.jesper.music.MusicServiceTest" name="testGetListWithQuery"/>
  <testcase time="0.001" classname="com.jesper.music.MusicServiceTest" name="testGetListWithoutQuery"/>
  <testcase time="0" classname="com.jesper.music.MusicServiceTest" name="testGetListWithNullEntity"/>
  <testcase time="0.027" classname="com.jesper.music.MusicServiceTest" name="testfindValidEntity"/>
</testsuite>